[2023-02-24T04:56:44.645+0000] {processor.py:153} INFO - Started process (PID=191) to work on /opt/airflow/dags/nexrad_scrapper_dag.py
[2023-02-24T04:56:44.664+0000] {processor.py:743} INFO - Processing file /opt/airflow/dags/nexrad_scrapper_dag.py for tasks to queue
[2023-02-24T04:56:44.701+0000] {logging_mixin.py:137} INFO - [2023-02-24T04:56:44.701+0000] {dagbag.py:538} INFO - Filling up the DagBag from /opt/airflow/dags/nexrad_scrapper_dag.py
[2023-02-24T04:57:15.741+0000] {logging_mixin.py:137} INFO - [2023-02-24T04:57:15.681+0000] {timeout.py:68} ERROR - Process timed out, PID: 191
[2023-02-24T04:57:16.130+0000] {logging_mixin.py:137} INFO - [2023-02-24T04:57:15.785+0000] {dagbag.py:343} ERROR - Failed to import: /opt/airflow/dags/nexrad_scrapper_dag.py
Traceback (most recent call last):
  File "<frozen importlib._bootstrap_external>", line 87, in _path_is_mode_type
  File "<frozen importlib._bootstrap_external>", line 81, in _path_stat
FileNotFoundError: [Errno 2] No such file or directory: '/home/airflow/.local/lib/python3.7/site-packages/pandas/core/arrays/__init__.cpython-37m-x86_64-linux-gnu.so'

During handling of the above exception, another exception occurred:

Traceback (most recent call last):
  File "/home/airflow/.local/lib/python3.7/site-packages/airflow/models/dagbag.py", line 339, in parse
    loader.exec_module(new_module)
  File "<frozen importlib._bootstrap_external>", line 728, in exec_module
  File "<frozen importlib._bootstrap>", line 219, in _call_with_frames_removed
  File "/opt/airflow/dags/nexrad_scrapper_dag.py", line 13, in <module>
    import pandas as pd
  File "/home/airflow/.local/lib/python3.7/site-packages/pandas/__init__.py", line 50, in <module>
    from pandas.core.api import (
  File "/home/airflow/.local/lib/python3.7/site-packages/pandas/core/api.py", line 29, in <module>
    from pandas.core.arrays import Categorical
  File "<frozen importlib._bootstrap>", line 983, in _find_and_load
  File "<frozen importlib._bootstrap>", line 963, in _find_and_load_unlocked
  File "<frozen importlib._bootstrap>", line 906, in _find_spec
  File "<frozen importlib._bootstrap_external>", line 1280, in find_spec
  File "<frozen importlib._bootstrap_external>", line 1252, in _get_spec
  File "<frozen importlib._bootstrap_external>", line 1383, in find_spec
  File "<frozen importlib._bootstrap_external>", line 95, in _path_isfile
  File "<frozen importlib._bootstrap_external>", line 87, in _path_is_mode_type
  File "/home/airflow/.local/lib/python3.7/site-packages/airflow/utils/timeout.py", line 69, in handle_timeout
    raise AirflowTaskTimeout(self.error_message)
airflow.exceptions.AirflowTaskTimeout: DagBag import timeout for /opt/airflow/dags/nexrad_scrapper_dag.py after 30.0s.
Please take a look at these docs to improve your DAG import time:
* https://airflow.apache.org/docs/apache-airflow/2.5.1/best-practices.html#top-level-python-code
* https://airflow.apache.org/docs/apache-airflow/2.5.1/best-practices.html#reducing-dag-complexity, PID: 191
[2023-02-24T04:57:16.160+0000] {processor.py:755} WARNING - No viable dags retrieved from /opt/airflow/dags/nexrad_scrapper_dag.py
[2023-02-24T04:57:16.850+0000] {processor.py:175} INFO - Processing /opt/airflow/dags/nexrad_scrapper_dag.py took 32.378 seconds
[2023-02-24T04:57:47.951+0000] {processor.py:153} INFO - Started process (PID=230) to work on /opt/airflow/dags/nexrad_scrapper_dag.py
[2023-02-24T04:57:47.964+0000] {processor.py:743} INFO - Processing file /opt/airflow/dags/nexrad_scrapper_dag.py for tasks to queue
[2023-02-24T04:57:47.977+0000] {logging_mixin.py:137} INFO - [2023-02-24T04:57:47.976+0000] {dagbag.py:538} INFO - Filling up the DagBag from /opt/airflow/dags/nexrad_scrapper_dag.py
[2023-02-24T04:59:15.583+0000] {processor.py:153} INFO - Started process (PID=270) to work on /opt/airflow/dags/nexrad_scrapper_dag.py
[2023-02-24T04:59:16.483+0000] {processor.py:743} INFO - Processing file /opt/airflow/dags/nexrad_scrapper_dag.py for tasks to queue
[2023-02-24T04:59:16.930+0000] {logging_mixin.py:137} INFO - [2023-02-24T04:59:16.860+0000] {dagbag.py:538} INFO - Filling up the DagBag from /opt/airflow/dags/nexrad_scrapper_dag.py
[2023-02-24T05:00:30.636+0000] {processor.py:153} INFO - Started process (PID=318) to work on /opt/airflow/dags/nexrad_scrapper_dag.py
[2023-02-24T05:00:30.640+0000] {processor.py:743} INFO - Processing file /opt/airflow/dags/nexrad_scrapper_dag.py for tasks to queue
[2023-02-24T05:00:30.647+0000] {logging_mixin.py:137} INFO - [2023-02-24T05:00:30.645+0000] {dagbag.py:538} INFO - Filling up the DagBag from /opt/airflow/dags/nexrad_scrapper_dag.py
[2023-02-24T05:01:02.819+0000] {logging_mixin.py:137} INFO - [2023-02-24T05:01:02.815+0000] {timeout.py:68} ERROR - Process timed out, PID: 318
[2023-02-24T05:01:02.839+0000] {logging_mixin.py:137} WARNING - Exception ignored in: <function WeakKeyDictionary.__init__.<locals>.remove at 0x7f92f8044d40>
[2023-02-24T05:01:02.846+0000] {logging_mixin.py:137} WARNING - Traceback (most recent call last):
[2023-02-24T05:01:02.848+0000] {logging_mixin.py:137} WARNING -   File "/usr/local/lib/python3.7/weakref.py", line 358, in remove
[2023-02-24T05:01:02.852+0000] {logging_mixin.py:137} WARNING -     def remove(k, selfref=ref(self)):
[2023-02-24T05:01:02.856+0000] {logging_mixin.py:137} WARNING -   File "/home/airflow/.local/lib/python3.7/site-packages/airflow/utils/timeout.py", line 69, in handle_timeout
[2023-02-24T05:01:02.868+0000] {logging_mixin.py:137} WARNING -     raise AirflowTaskTimeout(self.error_message)
[2023-02-24T05:01:02.872+0000] {logging_mixin.py:137} WARNING - airflow.exceptions.AirflowTaskTimeout: DagBag import timeout for /opt/airflow/dags/nexrad_scrapper_dag.py after 30.0s.
Please take a look at these docs to improve your DAG import time:
* https://airflow.apache.org/docs/apache-airflow/2.5.1/best-practices.html#top-level-python-code
* https://airflow.apache.org/docs/apache-airflow/2.5.1/best-practices.html#reducing-dag-complexity, PID: 318
[2023-02-24T05:01:04.766+0000] {processor.py:753} INFO - DAG(s) dict_keys(['Scrapper']) retrieved from /opt/airflow/dags/nexrad_scrapper_dag.py
[2023-02-24T05:01:06.321+0000] {logging_mixin.py:137} INFO - [2023-02-24T05:01:06.320+0000] {manager.py:504} INFO - Created Permission View: can delete on DAG:Scrapper
[2023-02-24T05:01:06.389+0000] {logging_mixin.py:137} INFO - [2023-02-24T05:01:06.389+0000] {manager.py:504} INFO - Created Permission View: can edit on DAG:Scrapper
[2023-02-24T05:01:06.421+0000] {logging_mixin.py:137} INFO - [2023-02-24T05:01:06.420+0000] {manager.py:504} INFO - Created Permission View: can read on DAG:Scrapper
[2023-02-24T05:01:06.425+0000] {logging_mixin.py:137} INFO - [2023-02-24T05:01:06.422+0000] {dag.py:2690} INFO - Sync 1 DAGs
[2023-02-24T05:01:06.513+0000] {logging_mixin.py:137} INFO - [2023-02-24T05:01:06.513+0000] {dag.py:2711} INFO - Creating ORM DAG for Scrapper
[2023-02-24T05:01:06.581+0000] {logging_mixin.py:137} INFO - [2023-02-24T05:01:06.580+0000] {dag.py:3441} INFO - Setting next_dagrun for Scrapper to 2023-02-24T00:00:00+00:00, run_after=2023-02-25T00:00:00+00:00
[2023-02-24T05:01:06.750+0000] {processor.py:175} INFO - Processing /opt/airflow/dags/nexrad_scrapper_dag.py took 36.137 seconds
[2023-02-24T05:01:37.680+0000] {processor.py:153} INFO - Started process (PID=375) to work on /opt/airflow/dags/nexrad_scrapper_dag.py
[2023-02-24T05:01:37.685+0000] {processor.py:743} INFO - Processing file /opt/airflow/dags/nexrad_scrapper_dag.py for tasks to queue
[2023-02-24T05:01:37.696+0000] {logging_mixin.py:137} INFO - [2023-02-24T05:01:37.696+0000] {dagbag.py:538} INFO - Filling up the DagBag from /opt/airflow/dags/nexrad_scrapper_dag.py
[2023-02-24T05:01:43.516+0000] {processor.py:753} INFO - DAG(s) dict_keys(['Scrapper']) retrieved from /opt/airflow/dags/nexrad_scrapper_dag.py
[2023-02-24T05:01:43.624+0000] {logging_mixin.py:137} INFO - [2023-02-24T05:01:43.623+0000] {dag.py:2690} INFO - Sync 1 DAGs
[2023-02-24T05:01:43.759+0000] {logging_mixin.py:137} INFO - [2023-02-24T05:01:43.759+0000] {dag.py:3441} INFO - Setting next_dagrun for Scrapper to 2023-02-24T00:00:00+00:00, run_after=2023-02-25T00:00:00+00:00
[2023-02-24T05:01:43.852+0000] {processor.py:175} INFO - Processing /opt/airflow/dags/nexrad_scrapper_dag.py took 6.197 seconds
[2023-02-24T05:02:14.919+0000] {processor.py:153} INFO - Started process (PID=404) to work on /opt/airflow/dags/nexrad_scrapper_dag.py
[2023-02-24T05:02:14.928+0000] {processor.py:743} INFO - Processing file /opt/airflow/dags/nexrad_scrapper_dag.py for tasks to queue
[2023-02-24T05:02:14.935+0000] {logging_mixin.py:137} INFO - [2023-02-24T05:02:14.934+0000] {dagbag.py:538} INFO - Filling up the DagBag from /opt/airflow/dags/nexrad_scrapper_dag.py
[2023-02-24T05:02:23.253+0000] {processor.py:753} INFO - DAG(s) dict_keys(['Scrapper']) retrieved from /opt/airflow/dags/nexrad_scrapper_dag.py
[2023-02-24T05:02:24.812+0000] {logging_mixin.py:137} INFO - [2023-02-24T05:02:24.810+0000] {dag.py:2690} INFO - Sync 1 DAGs
[2023-02-24T05:02:25.045+0000] {logging_mixin.py:137} INFO - [2023-02-24T05:02:25.045+0000] {dag.py:3441} INFO - Setting next_dagrun for Scrapper to 2023-02-24T00:00:00+00:00, run_after=2023-02-25T00:00:00+00:00
[2023-02-24T05:02:25.256+0000] {processor.py:175} INFO - Processing /opt/airflow/dags/nexrad_scrapper_dag.py took 10.375 seconds
[2023-02-24T05:02:56.320+0000] {processor.py:153} INFO - Started process (PID=449) to work on /opt/airflow/dags/nexrad_scrapper_dag.py
[2023-02-24T05:02:56.326+0000] {processor.py:743} INFO - Processing file /opt/airflow/dags/nexrad_scrapper_dag.py for tasks to queue
[2023-02-24T05:02:56.338+0000] {logging_mixin.py:137} INFO - [2023-02-24T05:02:56.337+0000] {dagbag.py:538} INFO - Filling up the DagBag from /opt/airflow/dags/nexrad_scrapper_dag.py
[2023-02-24T05:03:00.028+0000] {processor.py:753} INFO - DAG(s) dict_keys(['Scrapper']) retrieved from /opt/airflow/dags/nexrad_scrapper_dag.py
[2023-02-24T05:03:00.134+0000] {logging_mixin.py:137} INFO - [2023-02-24T05:03:00.131+0000] {dag.py:2690} INFO - Sync 1 DAGs
[2023-02-24T05:03:00.247+0000] {logging_mixin.py:137} INFO - [2023-02-24T05:03:00.246+0000] {dag.py:3441} INFO - Setting next_dagrun for Scrapper to 2023-02-24T00:00:00+00:00, run_after=2023-02-25T00:00:00+00:00
[2023-02-24T05:03:00.312+0000] {processor.py:175} INFO - Processing /opt/airflow/dags/nexrad_scrapper_dag.py took 4.012 seconds
[2023-02-24T05:03:30.876+0000] {processor.py:153} INFO - Started process (PID=478) to work on /opt/airflow/dags/nexrad_scrapper_dag.py
[2023-02-24T05:03:30.882+0000] {processor.py:743} INFO - Processing file /opt/airflow/dags/nexrad_scrapper_dag.py for tasks to queue
[2023-02-24T05:03:30.887+0000] {logging_mixin.py:137} INFO - [2023-02-24T05:03:30.887+0000] {dagbag.py:538} INFO - Filling up the DagBag from /opt/airflow/dags/nexrad_scrapper_dag.py
[2023-02-24T05:03:35.504+0000] {processor.py:753} INFO - DAG(s) dict_keys(['Scrapper']) retrieved from /opt/airflow/dags/nexrad_scrapper_dag.py
[2023-02-24T05:03:36.020+0000] {logging_mixin.py:137} INFO - [2023-02-24T05:03:36.018+0000] {dag.py:2690} INFO - Sync 1 DAGs
[2023-02-24T05:03:36.205+0000] {logging_mixin.py:137} INFO - [2023-02-24T05:03:36.204+0000] {dag.py:3441} INFO - Setting next_dagrun for Scrapper to 2023-02-24T00:00:00+00:00, run_after=2023-02-25T00:00:00+00:00
[2023-02-24T05:03:36.328+0000] {processor.py:175} INFO - Processing /opt/airflow/dags/nexrad_scrapper_dag.py took 5.468 seconds
[2023-02-24T05:04:06.868+0000] {processor.py:153} INFO - Started process (PID=505) to work on /opt/airflow/dags/nexrad_scrapper_dag.py
[2023-02-24T05:04:06.871+0000] {processor.py:743} INFO - Processing file /opt/airflow/dags/nexrad_scrapper_dag.py for tasks to queue
[2023-02-24T05:04:06.874+0000] {logging_mixin.py:137} INFO - [2023-02-24T05:04:06.874+0000] {dagbag.py:538} INFO - Filling up the DagBag from /opt/airflow/dags/nexrad_scrapper_dag.py
[2023-02-24T05:04:10.734+0000] {processor.py:753} INFO - DAG(s) dict_keys(['Scrapper']) retrieved from /opt/airflow/dags/nexrad_scrapper_dag.py
[2023-02-24T05:04:10.912+0000] {logging_mixin.py:137} INFO - [2023-02-24T05:04:10.910+0000] {dag.py:2690} INFO - Sync 1 DAGs
[2023-02-24T05:04:11.109+0000] {logging_mixin.py:137} INFO - [2023-02-24T05:04:11.108+0000] {dag.py:3441} INFO - Setting next_dagrun for Scrapper to 2023-02-24T00:00:00+00:00, run_after=2023-02-25T00:00:00+00:00
[2023-02-24T05:04:11.214+0000] {processor.py:175} INFO - Processing /opt/airflow/dags/nexrad_scrapper_dag.py took 4.353 seconds
[2023-02-24T05:04:41.867+0000] {processor.py:153} INFO - Started process (PID=543) to work on /opt/airflow/dags/nexrad_scrapper_dag.py
[2023-02-24T05:04:41.870+0000] {processor.py:743} INFO - Processing file /opt/airflow/dags/nexrad_scrapper_dag.py for tasks to queue
[2023-02-24T05:04:41.874+0000] {logging_mixin.py:137} INFO - [2023-02-24T05:04:41.874+0000] {dagbag.py:538} INFO - Filling up the DagBag from /opt/airflow/dags/nexrad_scrapper_dag.py
[2023-02-24T05:04:44.930+0000] {processor.py:753} INFO - DAG(s) dict_keys(['Scrapper']) retrieved from /opt/airflow/dags/nexrad_scrapper_dag.py
[2023-02-24T05:04:45.109+0000] {logging_mixin.py:137} INFO - [2023-02-24T05:04:45.108+0000] {dag.py:2690} INFO - Sync 1 DAGs
[2023-02-24T05:04:45.171+0000] {logging_mixin.py:137} INFO - [2023-02-24T05:04:45.170+0000] {dag.py:3441} INFO - Setting next_dagrun for Scrapper to 2023-02-24T00:00:00+00:00, run_after=2023-02-25T00:00:00+00:00
[2023-02-24T05:04:45.221+0000] {processor.py:175} INFO - Processing /opt/airflow/dags/nexrad_scrapper_dag.py took 3.357 seconds
[2023-02-24T05:05:15.532+0000] {processor.py:153} INFO - Started process (PID=574) to work on /opt/airflow/dags/nexrad_scrapper_dag.py
[2023-02-24T05:05:15.540+0000] {processor.py:743} INFO - Processing file /opt/airflow/dags/nexrad_scrapper_dag.py for tasks to queue
[2023-02-24T05:05:15.558+0000] {logging_mixin.py:137} INFO - [2023-02-24T05:05:15.556+0000] {dagbag.py:538} INFO - Filling up the DagBag from /opt/airflow/dags/nexrad_scrapper_dag.py
[2023-02-24T05:05:50.864+0000] {logging_mixin.py:137} INFO - [2023-02-24T05:05:46.239+0000] {timeout.py:68} ERROR - Process timed out, PID: 574
[2023-02-24T05:13:11.471+0000] {logging_mixin.py:137} INFO - [2023-02-24T05:05:54.703+0000] {dagbag.py:343} ERROR - Failed to import: /opt/airflow/dags/nexrad_scrapper_dag.py
Traceback (most recent call last):
  File "/home/airflow/.local/lib/python3.7/site-packages/airflow/models/dagbag.py", line 339, in parse
    loader.exec_module(new_module)
  File "<frozen importlib._bootstrap_external>", line 728, in exec_module
  File "<frozen importlib._bootstrap>", line 219, in _call_with_frames_removed
  File "/opt/airflow/dags/nexrad_scrapper_dag.py", line 25, in <module>
    aws_secret_access_key = os.environ.get('AWS_SECRET_KEY')
  File "/home/airflow/.local/lib/python3.7/site-packages/boto3/__init__.py", line 92, in client
    return _get_default_session().client(*args, **kwargs)
  File "/home/airflow/.local/lib/python3.7/site-packages/boto3/session.py", line 309, in client
    config=config,
  File "/home/airflow/.local/lib/python3.7/site-packages/botocore/session.py", line 986, in create_client
    auth_token=auth_token,
  File "/home/airflow/.local/lib/python3.7/site-packages/botocore/client.py", line 126, in create_client
    service_model = self._load_service_model(service_name, api_version)
  File "/home/airflow/.local/lib/python3.7/site-packages/botocore/client.py", line 229, in _load_service_model
    service_name, 'service-2', api_version=api_version
  File "/home/airflow/.local/lib/python3.7/site-packages/botocore/loaders.py", line 142, in _wrapper
    data = func(self, *args, **kwargs)
  File "/home/airflow/.local/lib/python3.7/site-packages/botocore/loaders.py", line 406, in load_service_model
    known_services = self.list_available_services(type_name)
  File "/home/airflow/.local/lib/python3.7/site-packages/botocore/loaders.py", line 142, in _wrapper
    data = func(self, *args, **kwargs)
  File "/home/airflow/.local/lib/python3.7/site-packages/botocore/loaders.py", line 306, in list_available_services
    for d in os.listdir(possible_path)
  File "/home/airflow/.local/lib/python3.7/site-packages/botocore/loaders.py", line 307, in <listcomp>
    if os.path.isdir(os.path.join(possible_path, d))
  File "/usr/local/lib/python3.7/genericpath.py", line 42, in isdir
    st = os.stat(s)
  File "/home/airflow/.local/lib/python3.7/site-packages/airflow/utils/timeout.py", line 69, in handle_timeout
    raise AirflowTaskTimeout(self.error_message)
airflow.exceptions.AirflowTaskTimeout: DagBag import timeout for /opt/airflow/dags/nexrad_scrapper_dag.py after 30.0s.
Please take a look at these docs to improve your DAG import time:
* https://airflow.apache.org/docs/apache-airflow/2.5.1/best-practices.html#top-level-python-code
* https://airflow.apache.org/docs/apache-airflow/2.5.1/best-practices.html#reducing-dag-complexity, PID: 574
[2023-02-24T05:15:26.791+0000] {processor.py:755} WARNING - No viable dags retrieved from /opt/airflow/dags/nexrad_scrapper_dag.py
[2023-02-24T05:15:45.185+0000] {processor.py:178} ERROR - Got an exception! Propagating...
Traceback (most recent call last):
  File "/home/airflow/.local/lib/python3.7/site-packages/sqlalchemy/engine/base.py", line 3361, in _wrap_pool_connect
    return fn()
  File "/home/airflow/.local/lib/python3.7/site-packages/sqlalchemy/pool/base.py", line 327, in connect
    return _ConnectionFairy._checkout(self)
  File "/home/airflow/.local/lib/python3.7/site-packages/sqlalchemy/pool/base.py", line 894, in _checkout
    fairy = _ConnectionRecord.checkout(pool)
  File "/home/airflow/.local/lib/python3.7/site-packages/sqlalchemy/pool/base.py", line 493, in checkout
    rec = pool._do_get()
  File "/home/airflow/.local/lib/python3.7/site-packages/sqlalchemy/pool/impl.py", line 146, in _do_get
    self._dec_overflow()
  File "/home/airflow/.local/lib/python3.7/site-packages/sqlalchemy/util/langhelpers.py", line 72, in __exit__
    with_traceback=exc_tb,
  File "/home/airflow/.local/lib/python3.7/site-packages/sqlalchemy/util/compat.py", line 211, in raise_
    raise exception
  File "/home/airflow/.local/lib/python3.7/site-packages/sqlalchemy/pool/impl.py", line 143, in _do_get
    return self._create_connection()
  File "/home/airflow/.local/lib/python3.7/site-packages/sqlalchemy/pool/base.py", line 273, in _create_connection
    return _ConnectionRecord(self)
  File "/home/airflow/.local/lib/python3.7/site-packages/sqlalchemy/pool/base.py", line 388, in __init__
    self.__connect()
  File "/home/airflow/.local/lib/python3.7/site-packages/sqlalchemy/pool/base.py", line 691, in __connect
    pool.logger.debug("Error on connect(): %s", e)
  File "/home/airflow/.local/lib/python3.7/site-packages/sqlalchemy/util/langhelpers.py", line 72, in __exit__
    with_traceback=exc_tb,
  File "/home/airflow/.local/lib/python3.7/site-packages/sqlalchemy/util/compat.py", line 211, in raise_
    raise exception
  File "/home/airflow/.local/lib/python3.7/site-packages/sqlalchemy/pool/base.py", line 686, in __connect
    self.dbapi_connection = connection = pool._invoke_creator(self)
  File "/home/airflow/.local/lib/python3.7/site-packages/sqlalchemy/engine/create.py", line 578, in connect
    return dialect.connect(*cargs, **cparams)
  File "/home/airflow/.local/lib/python3.7/site-packages/sqlalchemy/engine/default.py", line 598, in connect
    return self.dbapi.connect(*cargs, **cparams)
  File "/home/airflow/.local/lib/python3.7/site-packages/psycopg2/__init__.py", line 122, in connect
    conn = _connect(dsn, connection_factory=connection_factory, **kwasync)
psycopg2.OperationalError: could not translate host name "postgres" to address: Temporary failure in name resolution


The above exception was the direct cause of the following exception:

Traceback (most recent call last):
  File "/home/airflow/.local/lib/python3.7/site-packages/airflow/dag_processing/processor.py", line 174, in _run_file_processor
    _handle_dag_file_processing()
  File "/home/airflow/.local/lib/python3.7/site-packages/airflow/dag_processing/processor.py", line 158, in _handle_dag_file_processing
    callback_requests=callback_requests,
  File "/home/airflow/.local/lib/python3.7/site-packages/airflow/utils/session.py", line 75, in wrapper
    return func(*args, session=session, **kwargs)
  File "/home/airflow/.local/lib/python3.7/site-packages/airflow/dag_processing/processor.py", line 756, in process_file
    self.update_import_errors(session, dagbag)
  File "/home/airflow/.local/lib/python3.7/site-packages/airflow/dag_processing/processor.py", line 544, in update_import_errors
    existing_import_error_files = [x.filename for x in session.query(errors.ImportError.filename).all()]
  File "/home/airflow/.local/lib/python3.7/site-packages/sqlalchemy/orm/query.py", line 2773, in all
    return self._iter().all()
  File "/home/airflow/.local/lib/python3.7/site-packages/sqlalchemy/orm/query.py", line 2919, in _iter
    execution_options={"_sa_orm_load_options": self.load_options},
  File "/home/airflow/.local/lib/python3.7/site-packages/sqlalchemy/orm/session.py", line 1713, in execute
    conn = self._connection_for_bind(bind)
  File "/home/airflow/.local/lib/python3.7/site-packages/sqlalchemy/orm/session.py", line 1553, in _connection_for_bind
    engine, execution_options
  File "/home/airflow/.local/lib/python3.7/site-packages/sqlalchemy/orm/session.py", line 747, in _connection_for_bind
    conn = bind.connect()
  File "/home/airflow/.local/lib/python3.7/site-packages/sqlalchemy/engine/base.py", line 3315, in connect
    return self._connection_cls(self, close_with_result=close_with_result)
  File "/home/airflow/.local/lib/python3.7/site-packages/sqlalchemy/engine/base.py", line 96, in __init__
    else engine.raw_connection()
  File "/home/airflow/.local/lib/python3.7/site-packages/sqlalchemy/engine/base.py", line 3394, in raw_connection
    return self._wrap_pool_connect(self.pool.connect, _connection)
  File "/home/airflow/.local/lib/python3.7/site-packages/sqlalchemy/engine/base.py", line 3365, in _wrap_pool_connect
    e, dialect, self
  File "/home/airflow/.local/lib/python3.7/site-packages/sqlalchemy/engine/base.py", line 2199, in _handle_dbapi_exception_noconnection
    sqlalchemy_exception, with_traceback=exc_info[2], from_=e
  File "/home/airflow/.local/lib/python3.7/site-packages/sqlalchemy/util/compat.py", line 211, in raise_
    raise exception
  File "/home/airflow/.local/lib/python3.7/site-packages/sqlalchemy/engine/base.py", line 3361, in _wrap_pool_connect
    return fn()
  File "/home/airflow/.local/lib/python3.7/site-packages/sqlalchemy/pool/base.py", line 327, in connect
    return _ConnectionFairy._checkout(self)
  File "/home/airflow/.local/lib/python3.7/site-packages/sqlalchemy/pool/base.py", line 894, in _checkout
    fairy = _ConnectionRecord.checkout(pool)
  File "/home/airflow/.local/lib/python3.7/site-packages/sqlalchemy/pool/base.py", line 493, in checkout
    rec = pool._do_get()
  File "/home/airflow/.local/lib/python3.7/site-packages/sqlalchemy/pool/impl.py", line 146, in _do_get
    self._dec_overflow()
  File "/home/airflow/.local/lib/python3.7/site-packages/sqlalchemy/util/langhelpers.py", line 72, in __exit__
    with_traceback=exc_tb,
  File "/home/airflow/.local/lib/python3.7/site-packages/sqlalchemy/util/compat.py", line 211, in raise_
    raise exception
  File "/home/airflow/.local/lib/python3.7/site-packages/sqlalchemy/pool/impl.py", line 143, in _do_get
    return self._create_connection()
  File "/home/airflow/.local/lib/python3.7/site-packages/sqlalchemy/pool/base.py", line 273, in _create_connection
    return _ConnectionRecord(self)
  File "/home/airflow/.local/lib/python3.7/site-packages/sqlalchemy/pool/base.py", line 388, in __init__
    self.__connect()
  File "/home/airflow/.local/lib/python3.7/site-packages/sqlalchemy/pool/base.py", line 691, in __connect
    pool.logger.debug("Error on connect(): %s", e)
  File "/home/airflow/.local/lib/python3.7/site-packages/sqlalchemy/util/langhelpers.py", line 72, in __exit__
    with_traceback=exc_tb,
  File "/home/airflow/.local/lib/python3.7/site-packages/sqlalchemy/util/compat.py", line 211, in raise_
    raise exception
  File "/home/airflow/.local/lib/python3.7/site-packages/sqlalchemy/pool/base.py", line 686, in __connect
    self.dbapi_connection = connection = pool._invoke_creator(self)
  File "/home/airflow/.local/lib/python3.7/site-packages/sqlalchemy/engine/create.py", line 578, in connect
    return dialect.connect(*cargs, **cparams)
  File "/home/airflow/.local/lib/python3.7/site-packages/sqlalchemy/engine/default.py", line 598, in connect
    return self.dbapi.connect(*cargs, **cparams)
  File "/home/airflow/.local/lib/python3.7/site-packages/psycopg2/__init__.py", line 122, in connect
    conn = _connect(dsn, connection_factory=connection_factory, **kwasync)
sqlalchemy.exc.OperationalError: (psycopg2.OperationalError) could not translate host name "postgres" to address: Temporary failure in name resolution

(Background on this error at: https://sqlalche.me/e/14/e3q8)
[2023-02-24T05:16:23.847+0000] {processor.py:153} INFO - Started process (PID=610) to work on /opt/airflow/dags/nexrad_scrapper_dag.py
[2023-02-24T05:16:23.852+0000] {processor.py:743} INFO - Processing file /opt/airflow/dags/nexrad_scrapper_dag.py for tasks to queue
[2023-02-24T05:16:23.855+0000] {logging_mixin.py:137} INFO - [2023-02-24T05:16:23.855+0000] {dagbag.py:538} INFO - Filling up the DagBag from /opt/airflow/dags/nexrad_scrapper_dag.py
[2023-02-24T05:16:54.648+0000] {logging_mixin.py:137} INFO - [2023-02-24T05:16:54.288+0000] {timeout.py:68} ERROR - Process timed out, PID: 610
[2023-02-24T05:16:55.246+0000] {logging_mixin.py:137} WARNING - Exception ignored in: <function _get_module_lock.<locals>.cb at 0x7f92d087aef0>
[2023-02-24T05:16:56.457+0000] {logging_mixin.py:137} WARNING - Traceback (most recent call last):
[2023-02-24T05:16:57.057+0000] {logging_mixin.py:137} WARNING -   File "<frozen importlib._bootstrap>", line 176, in cb
[2023-02-24T05:17:00.504+0000] {logging_mixin.py:137} WARNING -   File "/home/airflow/.local/lib/python3.7/site-packages/airflow/utils/timeout.py", line 69, in handle_timeout
[2023-02-24T05:17:02.773+0000] {logging_mixin.py:137} WARNING -     raise AirflowTaskTimeout(self.error_message)
[2023-02-24T05:17:03.545+0000] {logging_mixin.py:137} WARNING - airflow.exceptions.AirflowTaskTimeout: DagBag import timeout for /opt/airflow/dags/nexrad_scrapper_dag.py after 30.0s.
Please take a look at these docs to improve your DAG import time:
* https://airflow.apache.org/docs/apache-airflow/2.5.1/best-practices.html#top-level-python-code
* https://airflow.apache.org/docs/apache-airflow/2.5.1/best-practices.html#reducing-dag-complexity, PID: 610
[2023-02-24T05:18:57.822+0000] {processor.py:153} INFO - Started process (PID=644) to work on /opt/airflow/dags/nexrad_scrapper_dag.py
[2023-02-24T05:18:57.831+0000] {processor.py:743} INFO - Processing file /opt/airflow/dags/nexrad_scrapper_dag.py for tasks to queue
[2023-02-24T05:18:57.839+0000] {logging_mixin.py:137} INFO - [2023-02-24T05:18:57.838+0000] {dagbag.py:538} INFO - Filling up the DagBag from /opt/airflow/dags/nexrad_scrapper_dag.py
[2023-02-24T05:19:34.020+0000] {logging_mixin.py:137} INFO - [2023-02-24T05:19:28.033+0000] {timeout.py:68} ERROR - Process timed out, PID: 644
[2023-02-24T05:34:16.277+0000] {logging_mixin.py:137} INFO - [2023-02-24T05:19:47.639+0000] {dagbag.py:343} ERROR - Failed to import: /opt/airflow/dags/nexrad_scrapper_dag.py
Traceback (most recent call last):
  File "/home/airflow/.local/lib/python3.7/site-packages/airflow/models/dagbag.py", line 339, in parse
    loader.exec_module(new_module)
  File "<frozen importlib._bootstrap_external>", line 728, in exec_module
  File "<frozen importlib._bootstrap>", line 219, in _call_with_frames_removed
  File "/opt/airflow/dags/nexrad_scrapper_dag.py", line 25, in <module>
    aws_secret_access_key = os.environ.get('AWS_SECRET_KEY')
  File "/home/airflow/.local/lib/python3.7/site-packages/boto3/__init__.py", line 92, in client
    return _get_default_session().client(*args, **kwargs)
  File "/home/airflow/.local/lib/python3.7/site-packages/boto3/session.py", line 309, in client
    config=config,
  File "/home/airflow/.local/lib/python3.7/site-packages/botocore/session.py", line 986, in create_client
    auth_token=auth_token,
  File "/home/airflow/.local/lib/python3.7/site-packages/botocore/client.py", line 129, in create_client
    service_name, api_version
  File "/home/airflow/.local/lib/python3.7/site-packages/botocore/client.py", line 236, in _load_service_endpoints_ruleset
    service_name, 'endpoint-rule-set-1', api_version=api_version
  File "/home/airflow/.local/lib/python3.7/site-packages/botocore/loaders.py", line 142, in _wrapper
    data = func(self, *args, **kwargs)
  File "/home/airflow/.local/lib/python3.7/site-packages/botocore/loaders.py", line 406, in load_service_model
    known_services = self.list_available_services(type_name)
  File "/home/airflow/.local/lib/python3.7/site-packages/botocore/loaders.py", line 142, in _wrapper
    data = func(self, *args, **kwargs)
  File "/home/airflow/.local/lib/python3.7/site-packages/botocore/loaders.py", line 314, in list_available_services
    full_dirname, api_version, type_name
  File "/usr/local/lib/python3.7/posixpath.py", line 80, in join
    a = os.fspath(a)
  File "/home/airflow/.local/lib/python3.7/site-packages/airflow/utils/timeout.py", line 69, in handle_timeout
    raise AirflowTaskTimeout(self.error_message)
airflow.exceptions.AirflowTaskTimeout: DagBag import timeout for /opt/airflow/dags/nexrad_scrapper_dag.py after 30.0s.
Please take a look at these docs to improve your DAG import time:
* https://airflow.apache.org/docs/apache-airflow/2.5.1/best-practices.html#top-level-python-code
* https://airflow.apache.org/docs/apache-airflow/2.5.1/best-practices.html#reducing-dag-complexity, PID: 644
[2023-02-24T05:34:17.754+0000] {processor.py:755} WARNING - No viable dags retrieved from /opt/airflow/dags/nexrad_scrapper_dag.py
[2023-02-24T05:34:24.914+0000] {processor.py:175} INFO - Processing /opt/airflow/dags/nexrad_scrapper_dag.py took 927.110 seconds
[2023-02-24T05:34:56.535+0000] {processor.py:153} INFO - Started process (PID=689) to work on /opt/airflow/dags/nexrad_scrapper_dag.py
[2023-02-24T05:34:56.542+0000] {processor.py:743} INFO - Processing file /opt/airflow/dags/nexrad_scrapper_dag.py for tasks to queue
[2023-02-24T05:34:56.557+0000] {logging_mixin.py:137} INFO - [2023-02-24T05:34:56.555+0000] {dagbag.py:538} INFO - Filling up the DagBag from /opt/airflow/dags/nexrad_scrapper_dag.py
[2023-02-24T05:35:08.008+0000] {processor.py:753} INFO - DAG(s) dict_keys(['Scrapper']) retrieved from /opt/airflow/dags/nexrad_scrapper_dag.py
[2023-02-24T05:35:08.207+0000] {logging_mixin.py:137} INFO - [2023-02-24T05:35:08.206+0000] {dag.py:2690} INFO - Sync 1 DAGs
[2023-02-24T05:35:08.276+0000] {logging_mixin.py:137} INFO - [2023-02-24T05:35:08.274+0000] {dag.py:3441} INFO - Setting next_dagrun for Scrapper to 2023-02-24T00:00:00+00:00, run_after=2023-02-25T00:00:00+00:00
[2023-02-24T05:35:08.338+0000] {processor.py:175} INFO - Processing /opt/airflow/dags/nexrad_scrapper_dag.py took 11.867 seconds
[2023-02-24T05:35:39.241+0000] {processor.py:153} INFO - Started process (PID=726) to work on /opt/airflow/dags/nexrad_scrapper_dag.py
[2023-02-24T05:35:39.248+0000] {processor.py:743} INFO - Processing file /opt/airflow/dags/nexrad_scrapper_dag.py for tasks to queue
[2023-02-24T05:35:39.268+0000] {logging_mixin.py:137} INFO - [2023-02-24T05:35:39.267+0000] {dagbag.py:538} INFO - Filling up the DagBag from /opt/airflow/dags/nexrad_scrapper_dag.py
[2023-02-24T05:35:45.164+0000] {processor.py:753} INFO - DAG(s) dict_keys(['Scrapper']) retrieved from /opt/airflow/dags/nexrad_scrapper_dag.py
[2023-02-24T05:35:45.262+0000] {logging_mixin.py:137} INFO - [2023-02-24T05:35:45.261+0000] {dag.py:2690} INFO - Sync 1 DAGs
[2023-02-24T05:35:45.339+0000] {logging_mixin.py:137} INFO - [2023-02-24T05:35:45.338+0000] {dag.py:3441} INFO - Setting next_dagrun for Scrapper to 2023-02-24T00:00:00+00:00, run_after=2023-02-25T00:00:00+00:00
[2023-02-24T05:35:45.392+0000] {processor.py:175} INFO - Processing /opt/airflow/dags/nexrad_scrapper_dag.py took 6.202 seconds
[2023-02-24T05:36:15.992+0000] {processor.py:153} INFO - Started process (PID=762) to work on /opt/airflow/dags/nexrad_scrapper_dag.py
[2023-02-24T05:36:15.995+0000] {processor.py:743} INFO - Processing file /opt/airflow/dags/nexrad_scrapper_dag.py for tasks to queue
[2023-02-24T05:36:16.005+0000] {logging_mixin.py:137} INFO - [2023-02-24T05:36:16.001+0000] {dagbag.py:538} INFO - Filling up the DagBag from /opt/airflow/dags/nexrad_scrapper_dag.py
[2023-02-24T05:36:20.388+0000] {processor.py:753} INFO - DAG(s) dict_keys(['Scrapper']) retrieved from /opt/airflow/dags/nexrad_scrapper_dag.py
[2023-02-24T05:36:22.071+0000] {logging_mixin.py:137} INFO - [2023-02-24T05:36:22.001+0000] {dag.py:2690} INFO - Sync 1 DAGs
[2023-02-24T05:36:23.370+0000] {logging_mixin.py:137} INFO - [2023-02-24T05:36:23.368+0000] {dag.py:3441} INFO - Setting next_dagrun for Scrapper to 2023-02-24T00:00:00+00:00, run_after=2023-02-25T00:00:00+00:00
[2023-02-24T05:36:23.603+0000] {processor.py:175} INFO - Processing /opt/airflow/dags/nexrad_scrapper_dag.py took 7.635 seconds
[2023-02-24T05:36:53.988+0000] {processor.py:153} INFO - Started process (PID=798) to work on /opt/airflow/dags/nexrad_scrapper_dag.py
[2023-02-24T05:36:53.992+0000] {processor.py:743} INFO - Processing file /opt/airflow/dags/nexrad_scrapper_dag.py for tasks to queue
[2023-02-24T05:36:53.995+0000] {logging_mixin.py:137} INFO - [2023-02-24T05:36:53.994+0000] {dagbag.py:538} INFO - Filling up the DagBag from /opt/airflow/dags/nexrad_scrapper_dag.py
[2023-02-24T05:37:04.562+0000] {processor.py:753} INFO - DAG(s) dict_keys(['Scrapper']) retrieved from /opt/airflow/dags/nexrad_scrapper_dag.py
[2023-02-24T05:45:40.693+0000] {logging_mixin.py:137} INFO - [2023-02-24T05:45:40.624+0000] {dag.py:2690} INFO - Sync 1 DAGs
[2023-02-24T05:46:11.333+0000] {processor.py:153} INFO - Started process (PID=830) to work on /opt/airflow/dags/nexrad_scrapper_dag.py
[2023-02-24T05:46:11.347+0000] {processor.py:743} INFO - Processing file /opt/airflow/dags/nexrad_scrapper_dag.py for tasks to queue
[2023-02-24T05:46:11.365+0000] {logging_mixin.py:137} INFO - [2023-02-24T05:46:11.364+0000] {dagbag.py:538} INFO - Filling up the DagBag from /opt/airflow/dags/nexrad_scrapper_dag.py
[2023-02-24T05:46:25.591+0000] {processor.py:753} INFO - DAG(s) dict_keys(['Scrapper']) retrieved from /opt/airflow/dags/nexrad_scrapper_dag.py
[2023-02-24T05:46:26.075+0000] {logging_mixin.py:137} INFO - [2023-02-24T05:46:26.074+0000] {dag.py:2690} INFO - Sync 1 DAGs
[2023-02-24T05:46:26.288+0000] {logging_mixin.py:137} INFO - [2023-02-24T05:46:26.286+0000] {dag.py:3441} INFO - Setting next_dagrun for Scrapper to 2023-02-24T00:00:00+00:00, run_after=2023-02-25T00:00:00+00:00
[2023-02-24T05:46:26.399+0000] {processor.py:175} INFO - Processing /opt/airflow/dags/nexrad_scrapper_dag.py took 15.184 seconds
[2023-02-24T05:46:57.251+0000] {processor.py:153} INFO - Started process (PID=873) to work on /opt/airflow/dags/nexrad_scrapper_dag.py
[2023-02-24T05:46:57.265+0000] {processor.py:743} INFO - Processing file /opt/airflow/dags/nexrad_scrapper_dag.py for tasks to queue
[2023-02-24T05:46:57.282+0000] {logging_mixin.py:137} INFO - [2023-02-24T05:46:57.279+0000] {dagbag.py:538} INFO - Filling up the DagBag from /opt/airflow/dags/nexrad_scrapper_dag.py
[2023-02-24T05:47:20.450+0000] {processor.py:753} INFO - DAG(s) dict_keys(['Scrapper']) retrieved from /opt/airflow/dags/nexrad_scrapper_dag.py
[2023-02-24T06:05:34.100+0000] {processor.py:153} INFO - Started process (PID=882) to work on /opt/airflow/dags/nexrad_scrapper_dag.py
[2023-02-24T06:05:34.157+0000] {processor.py:743} INFO - Processing file /opt/airflow/dags/nexrad_scrapper_dag.py for tasks to queue
[2023-02-24T06:05:34.253+0000] {logging_mixin.py:137} INFO - [2023-02-24T06:05:34.244+0000] {dagbag.py:538} INFO - Filling up the DagBag from /opt/airflow/dags/nexrad_scrapper_dag.py
[2023-02-24T06:07:35.314+0000] {processor.py:153} INFO - Started process (PID=922) to work on /opt/airflow/dags/nexrad_scrapper_dag.py
[2023-02-24T06:07:35.382+0000] {processor.py:743} INFO - Processing file /opt/airflow/dags/nexrad_scrapper_dag.py for tasks to queue
[2023-02-24T06:07:35.568+0000] {logging_mixin.py:137} INFO - [2023-02-24T06:07:35.490+0000] {dagbag.py:538} INFO - Filling up the DagBag from /opt/airflow/dags/nexrad_scrapper_dag.py
[2023-02-24T06:07:59.155+0000] {processor.py:753} INFO - DAG(s) dict_keys(['nex_Scrapper']) retrieved from /opt/airflow/dags/nexrad_scrapper_dag.py
[2023-02-24T06:08:00.715+0000] {logging_mixin.py:137} INFO - [2023-02-24T06:08:00.715+0000] {manager.py:504} INFO - Created Permission View: can delete on DAG:nex_Scrapper
[2023-02-24T06:08:00.786+0000] {logging_mixin.py:137} INFO - [2023-02-24T06:08:00.785+0000] {manager.py:504} INFO - Created Permission View: can edit on DAG:nex_Scrapper
[2023-02-24T06:08:00.835+0000] {logging_mixin.py:137} INFO - [2023-02-24T06:08:00.834+0000] {manager.py:504} INFO - Created Permission View: can read on DAG:nex_Scrapper
[2023-02-24T06:08:00.838+0000] {logging_mixin.py:137} INFO - [2023-02-24T06:08:00.837+0000] {dag.py:2690} INFO - Sync 1 DAGs
[2023-02-24T06:08:00.959+0000] {logging_mixin.py:137} INFO - [2023-02-24T06:08:00.956+0000] {dag.py:2711} INFO - Creating ORM DAG for nex_Scrapper
[2023-02-24T06:08:01.055+0000] {logging_mixin.py:137} INFO - [2023-02-24T06:08:01.054+0000] {dag.py:3441} INFO - Setting next_dagrun for nex_Scrapper to 2023-02-24T00:00:00+00:00, run_after=2023-02-25T00:00:00+00:00
[2023-02-24T06:08:01.231+0000] {processor.py:175} INFO - Processing /opt/airflow/dags/nexrad_scrapper_dag.py took 26.159 seconds
[2023-02-24T06:08:32.295+0000] {processor.py:153} INFO - Started process (PID=978) to work on /opt/airflow/dags/nexrad_scrapper_dag.py
[2023-02-24T06:08:32.297+0000] {processor.py:743} INFO - Processing file /opt/airflow/dags/nexrad_scrapper_dag.py for tasks to queue
[2023-02-24T06:08:32.300+0000] {logging_mixin.py:137} INFO - [2023-02-24T06:08:32.299+0000] {dagbag.py:538} INFO - Filling up the DagBag from /opt/airflow/dags/nexrad_scrapper_dag.py
[2023-02-24T06:08:35.024+0000] {processor.py:753} INFO - DAG(s) dict_keys(['nex_Scrapper']) retrieved from /opt/airflow/dags/nexrad_scrapper_dag.py
[2023-02-24T06:08:35.099+0000] {logging_mixin.py:137} INFO - [2023-02-24T06:08:35.098+0000] {dag.py:2690} INFO - Sync 1 DAGs
[2023-02-24T06:08:35.187+0000] {logging_mixin.py:137} INFO - [2023-02-24T06:08:35.185+0000] {dag.py:3441} INFO - Setting next_dagrun for nex_Scrapper to 2023-02-24T00:00:00+00:00, run_after=2023-02-25T00:00:00+00:00
[2023-02-24T06:08:35.282+0000] {processor.py:175} INFO - Processing /opt/airflow/dags/nexrad_scrapper_dag.py took 2.810 seconds
[2023-02-24T06:09:05.530+0000] {processor.py:153} INFO - Started process (PID=1013) to work on /opt/airflow/dags/nexrad_scrapper_dag.py
[2023-02-24T06:09:05.537+0000] {processor.py:743} INFO - Processing file /opt/airflow/dags/nexrad_scrapper_dag.py for tasks to queue
[2023-02-24T06:09:05.549+0000] {logging_mixin.py:137} INFO - [2023-02-24T06:09:05.548+0000] {dagbag.py:538} INFO - Filling up the DagBag from /opt/airflow/dags/nexrad_scrapper_dag.py
[2023-02-24T06:09:09.998+0000] {processor.py:753} INFO - DAG(s) dict_keys(['nex_Scrapper']) retrieved from /opt/airflow/dags/nexrad_scrapper_dag.py
[2023-02-24T06:09:10.087+0000] {logging_mixin.py:137} INFO - [2023-02-24T06:09:10.086+0000] {dag.py:2690} INFO - Sync 1 DAGs
[2023-02-24T06:09:10.203+0000] {logging_mixin.py:137} INFO - [2023-02-24T06:09:10.202+0000] {dag.py:3441} INFO - Setting next_dagrun for nex_Scrapper to 2023-02-24T00:00:00+00:00, run_after=2023-02-25T00:00:00+00:00
[2023-02-24T06:09:10.287+0000] {processor.py:175} INFO - Processing /opt/airflow/dags/nexrad_scrapper_dag.py took 4.803 seconds
[2023-02-24T06:09:40.713+0000] {processor.py:153} INFO - Started process (PID=1041) to work on /opt/airflow/dags/nexrad_scrapper_dag.py
[2023-02-24T06:09:40.723+0000] {processor.py:743} INFO - Processing file /opt/airflow/dags/nexrad_scrapper_dag.py for tasks to queue
[2023-02-24T06:09:40.753+0000] {logging_mixin.py:137} INFO - [2023-02-24T06:09:40.752+0000] {dagbag.py:538} INFO - Filling up the DagBag from /opt/airflow/dags/nexrad_scrapper_dag.py
[2023-02-24T06:09:56.182+0000] {processor.py:753} INFO - DAG(s) dict_keys(['nex_Scrapper']) retrieved from /opt/airflow/dags/nexrad_scrapper_dag.py
[2023-02-24T06:09:56.414+0000] {logging_mixin.py:137} INFO - [2023-02-24T06:09:56.408+0000] {dag.py:2690} INFO - Sync 1 DAGs
[2023-02-24T06:09:56.656+0000] {logging_mixin.py:137} INFO - [2023-02-24T06:09:56.656+0000] {dag.py:3441} INFO - Setting next_dagrun for nex_Scrapper to 2023-02-24T00:00:00+00:00, run_after=2023-02-25T00:00:00+00:00
[2023-02-24T06:09:56.806+0000] {processor.py:175} INFO - Processing /opt/airflow/dags/nexrad_scrapper_dag.py took 16.184 seconds
[2023-02-24T06:10:27.042+0000] {processor.py:153} INFO - Started process (PID=1086) to work on /opt/airflow/dags/nexrad_scrapper_dag.py
[2023-02-24T06:10:27.047+0000] {processor.py:743} INFO - Processing file /opt/airflow/dags/nexrad_scrapper_dag.py for tasks to queue
[2023-02-24T06:10:27.050+0000] {logging_mixin.py:137} INFO - [2023-02-24T06:10:27.050+0000] {dagbag.py:538} INFO - Filling up the DagBag from /opt/airflow/dags/nexrad_scrapper_dag.py
[2023-02-24T06:10:32.839+0000] {processor.py:753} INFO - DAG(s) dict_keys(['nex_Scrapper']) retrieved from /opt/airflow/dags/nexrad_scrapper_dag.py
[2023-02-24T06:10:33.105+0000] {logging_mixin.py:137} INFO - [2023-02-24T06:10:33.102+0000] {dag.py:2690} INFO - Sync 1 DAGs
[2023-02-24T06:10:33.362+0000] {logging_mixin.py:137} INFO - [2023-02-24T06:10:33.361+0000] {dag.py:3441} INFO - Setting next_dagrun for nex_Scrapper to 2023-02-24T00:00:00+00:00, run_after=2023-02-25T00:00:00+00:00
[2023-02-24T06:10:33.547+0000] {processor.py:175} INFO - Processing /opt/airflow/dags/nexrad_scrapper_dag.py took 6.521 seconds
[2023-02-24T06:11:04.047+0000] {processor.py:153} INFO - Started process (PID=1122) to work on /opt/airflow/dags/nexrad_scrapper_dag.py
[2023-02-24T06:11:04.050+0000] {processor.py:743} INFO - Processing file /opt/airflow/dags/nexrad_scrapper_dag.py for tasks to queue
[2023-02-24T06:11:04.055+0000] {logging_mixin.py:137} INFO - [2023-02-24T06:11:04.054+0000] {dagbag.py:538} INFO - Filling up the DagBag from /opt/airflow/dags/nexrad_scrapper_dag.py
[2023-02-24T06:11:08.124+0000] {processor.py:753} INFO - DAG(s) dict_keys(['nex_Scrapper']) retrieved from /opt/airflow/dags/nexrad_scrapper_dag.py
[2023-02-24T06:11:08.248+0000] {logging_mixin.py:137} INFO - [2023-02-24T06:11:08.246+0000] {dag.py:2690} INFO - Sync 1 DAGs
[2023-02-24T06:11:08.413+0000] {logging_mixin.py:137} INFO - [2023-02-24T06:11:08.413+0000] {dag.py:3441} INFO - Setting next_dagrun for nex_Scrapper to 2023-02-24T00:00:00+00:00, run_after=2023-02-25T00:00:00+00:00
[2023-02-24T06:11:08.607+0000] {processor.py:175} INFO - Processing /opt/airflow/dags/nexrad_scrapper_dag.py took 4.580 seconds
[2023-02-24T06:11:39.104+0000] {processor.py:153} INFO - Started process (PID=1151) to work on /opt/airflow/dags/nexrad_scrapper_dag.py
[2023-02-24T06:11:39.109+0000] {processor.py:743} INFO - Processing file /opt/airflow/dags/nexrad_scrapper_dag.py for tasks to queue
[2023-02-24T06:11:39.113+0000] {logging_mixin.py:137} INFO - [2023-02-24T06:11:39.113+0000] {dagbag.py:538} INFO - Filling up the DagBag from /opt/airflow/dags/nexrad_scrapper_dag.py
[2023-02-24T06:11:42.910+0000] {processor.py:753} INFO - DAG(s) dict_keys(['nex_Scrapper']) retrieved from /opt/airflow/dags/nexrad_scrapper_dag.py
[2023-02-24T06:11:43.091+0000] {logging_mixin.py:137} INFO - [2023-02-24T06:11:43.088+0000] {dag.py:2690} INFO - Sync 1 DAGs
[2023-02-24T06:11:43.426+0000] {logging_mixin.py:137} INFO - [2023-02-24T06:11:43.425+0000] {dag.py:3441} INFO - Setting next_dagrun for nex_Scrapper to 2023-02-24T00:00:00+00:00, run_after=2023-02-25T00:00:00+00:00
[2023-02-24T06:11:43.585+0000] {processor.py:175} INFO - Processing /opt/airflow/dags/nexrad_scrapper_dag.py took 4.507 seconds
[2023-02-24T06:12:14.054+0000] {processor.py:153} INFO - Started process (PID=1178) to work on /opt/airflow/dags/nexrad_scrapper_dag.py
[2023-02-24T06:12:14.057+0000] {processor.py:743} INFO - Processing file /opt/airflow/dags/nexrad_scrapper_dag.py for tasks to queue
[2023-02-24T06:12:14.061+0000] {logging_mixin.py:137} INFO - [2023-02-24T06:12:14.061+0000] {dagbag.py:538} INFO - Filling up the DagBag from /opt/airflow/dags/nexrad_scrapper_dag.py
[2023-02-24T06:12:18.129+0000] {processor.py:753} INFO - DAG(s) dict_keys(['nex_Scrapper']) retrieved from /opt/airflow/dags/nexrad_scrapper_dag.py
[2023-02-24T06:12:18.300+0000] {logging_mixin.py:137} INFO - [2023-02-24T06:12:18.298+0000] {dag.py:2690} INFO - Sync 1 DAGs
[2023-02-24T06:12:18.666+0000] {logging_mixin.py:137} INFO - [2023-02-24T06:12:18.665+0000] {dag.py:3441} INFO - Setting next_dagrun for nex_Scrapper to 2023-02-24T00:00:00+00:00, run_after=2023-02-25T00:00:00+00:00
[2023-02-24T06:12:18.903+0000] {processor.py:175} INFO - Processing /opt/airflow/dags/nexrad_scrapper_dag.py took 4.885 seconds
[2023-02-24T06:12:49.520+0000] {processor.py:153} INFO - Started process (PID=1214) to work on /opt/airflow/dags/nexrad_scrapper_dag.py
[2023-02-24T06:12:49.524+0000] {processor.py:743} INFO - Processing file /opt/airflow/dags/nexrad_scrapper_dag.py for tasks to queue
[2023-02-24T06:12:49.528+0000] {logging_mixin.py:137} INFO - [2023-02-24T06:12:49.527+0000] {dagbag.py:538} INFO - Filling up the DagBag from /opt/airflow/dags/nexrad_scrapper_dag.py
[2023-02-24T06:12:53.117+0000] {processor.py:753} INFO - DAG(s) dict_keys(['nex_Scrapper']) retrieved from /opt/airflow/dags/nexrad_scrapper_dag.py
[2023-02-24T06:12:53.298+0000] {logging_mixin.py:137} INFO - [2023-02-24T06:12:53.293+0000] {dag.py:2690} INFO - Sync 1 DAGs
[2023-02-24T06:12:53.481+0000] {logging_mixin.py:137} INFO - [2023-02-24T06:12:53.481+0000] {dag.py:3441} INFO - Setting next_dagrun for nex_Scrapper to 2023-02-24T00:00:00+00:00, run_after=2023-02-25T00:00:00+00:00
[2023-02-24T06:12:53.612+0000] {processor.py:175} INFO - Processing /opt/airflow/dags/nexrad_scrapper_dag.py took 4.107 seconds
[2023-02-24T06:13:23.878+0000] {processor.py:153} INFO - Started process (PID=1251) to work on /opt/airflow/dags/nexrad_scrapper_dag.py
[2023-02-24T06:13:23.881+0000] {processor.py:743} INFO - Processing file /opt/airflow/dags/nexrad_scrapper_dag.py for tasks to queue
[2023-02-24T06:13:23.883+0000] {logging_mixin.py:137} INFO - [2023-02-24T06:13:23.883+0000] {dagbag.py:538} INFO - Filling up the DagBag from /opt/airflow/dags/nexrad_scrapper_dag.py
[2023-02-24T06:13:27.515+0000] {processor.py:753} INFO - DAG(s) dict_keys(['nex_Scrapper']) retrieved from /opt/airflow/dags/nexrad_scrapper_dag.py
[2023-02-24T06:13:28.046+0000] {logging_mixin.py:137} INFO - [2023-02-24T06:13:28.042+0000] {dag.py:2690} INFO - Sync 1 DAGs
[2023-02-24T06:13:28.210+0000] {logging_mixin.py:137} INFO - [2023-02-24T06:13:28.210+0000] {dag.py:3441} INFO - Setting next_dagrun for nex_Scrapper to 2023-02-24T00:00:00+00:00, run_after=2023-02-25T00:00:00+00:00
[2023-02-24T06:13:28.388+0000] {processor.py:175} INFO - Processing /opt/airflow/dags/nexrad_scrapper_dag.py took 4.521 seconds
[2023-02-24T06:13:59.188+0000] {processor.py:153} INFO - Started process (PID=1271) to work on /opt/airflow/dags/nexrad_scrapper_dag.py
[2023-02-24T06:13:59.196+0000] {processor.py:743} INFO - Processing file /opt/airflow/dags/nexrad_scrapper_dag.py for tasks to queue
[2023-02-24T06:13:59.200+0000] {logging_mixin.py:137} INFO - [2023-02-24T06:13:59.200+0000] {dagbag.py:538} INFO - Filling up the DagBag from /opt/airflow/dags/nexrad_scrapper_dag.py
[2023-02-24T06:14:08.045+0000] {processor.py:753} INFO - DAG(s) dict_keys(['nex_Scrapper']) retrieved from /opt/airflow/dags/nexrad_scrapper_dag.py
[2023-02-24T06:14:08.399+0000] {logging_mixin.py:137} INFO - [2023-02-24T06:14:08.383+0000] {dag.py:2690} INFO - Sync 1 DAGs
[2023-02-24T06:14:08.655+0000] {logging_mixin.py:137} INFO - [2023-02-24T06:14:08.654+0000] {dag.py:3441} INFO - Setting next_dagrun for nex_Scrapper to 2023-02-24T00:00:00+00:00, run_after=2023-02-25T00:00:00+00:00
[2023-02-24T06:14:08.903+0000] {processor.py:175} INFO - Processing /opt/airflow/dags/nexrad_scrapper_dag.py took 9.736 seconds
[2023-02-24T06:14:39.845+0000] {processor.py:153} INFO - Started process (PID=1308) to work on /opt/airflow/dags/nexrad_scrapper_dag.py
[2023-02-24T06:14:39.847+0000] {processor.py:743} INFO - Processing file /opt/airflow/dags/nexrad_scrapper_dag.py for tasks to queue
[2023-02-24T06:14:39.849+0000] {logging_mixin.py:137} INFO - [2023-02-24T06:14:39.849+0000] {dagbag.py:538} INFO - Filling up the DagBag from /opt/airflow/dags/nexrad_scrapper_dag.py
[2023-02-24T06:14:44.133+0000] {processor.py:753} INFO - DAG(s) dict_keys(['nex_Scrapper']) retrieved from /opt/airflow/dags/nexrad_scrapper_dag.py
[2023-02-24T06:14:44.267+0000] {logging_mixin.py:137} INFO - [2023-02-24T06:14:44.265+0000] {dag.py:2690} INFO - Sync 1 DAGs
[2023-02-24T06:14:44.371+0000] {logging_mixin.py:137} INFO - [2023-02-24T06:14:44.370+0000] {dag.py:3441} INFO - Setting next_dagrun for nex_Scrapper to 2023-02-24T00:00:00+00:00, run_after=2023-02-25T00:00:00+00:00
[2023-02-24T06:14:44.455+0000] {processor.py:175} INFO - Processing /opt/airflow/dags/nexrad_scrapper_dag.py took 4.618 seconds
[2023-02-24T06:15:14.742+0000] {processor.py:153} INFO - Started process (PID=1344) to work on /opt/airflow/dags/nexrad_scrapper_dag.py
[2023-02-24T06:15:14.747+0000] {processor.py:743} INFO - Processing file /opt/airflow/dags/nexrad_scrapper_dag.py for tasks to queue
[2023-02-24T06:15:14.751+0000] {logging_mixin.py:137} INFO - [2023-02-24T06:15:14.750+0000] {dagbag.py:538} INFO - Filling up the DagBag from /opt/airflow/dags/nexrad_scrapper_dag.py
[2023-02-24T06:15:25.471+0000] {processor.py:753} INFO - DAG(s) dict_keys(['nex_Scrapper']) retrieved from /opt/airflow/dags/nexrad_scrapper_dag.py
[2023-02-24T06:15:26.080+0000] {logging_mixin.py:137} INFO - [2023-02-24T06:15:26.078+0000] {dag.py:2690} INFO - Sync 1 DAGs
[2023-02-24T06:15:26.346+0000] {logging_mixin.py:137} INFO - [2023-02-24T06:15:26.345+0000] {dag.py:3441} INFO - Setting next_dagrun for nex_Scrapper to 2023-02-24T00:00:00+00:00, run_after=2023-02-25T00:00:00+00:00
[2023-02-24T06:15:26.583+0000] {processor.py:175} INFO - Processing /opt/airflow/dags/nexrad_scrapper_dag.py took 11.855 seconds
[2023-02-24T06:15:56.933+0000] {processor.py:153} INFO - Started process (PID=1381) to work on /opt/airflow/dags/nexrad_scrapper_dag.py
[2023-02-24T06:15:56.943+0000] {processor.py:743} INFO - Processing file /opt/airflow/dags/nexrad_scrapper_dag.py for tasks to queue
[2023-02-24T06:15:56.947+0000] {logging_mixin.py:137} INFO - [2023-02-24T06:15:56.946+0000] {dagbag.py:538} INFO - Filling up the DagBag from /opt/airflow/dags/nexrad_scrapper_dag.py
[2023-02-24T06:16:02.390+0000] {processor.py:753} INFO - DAG(s) dict_keys(['nex_Scrapper']) retrieved from /opt/airflow/dags/nexrad_scrapper_dag.py
[2023-02-24T06:16:02.695+0000] {logging_mixin.py:137} INFO - [2023-02-24T06:16:02.692+0000] {dag.py:2690} INFO - Sync 1 DAGs
[2023-02-24T06:16:02.855+0000] {logging_mixin.py:137} INFO - [2023-02-24T06:16:02.855+0000] {dag.py:3441} INFO - Setting next_dagrun for nex_Scrapper to 2023-02-24T00:00:00+00:00, run_after=2023-02-25T00:00:00+00:00
[2023-02-24T06:16:02.956+0000] {processor.py:175} INFO - Processing /opt/airflow/dags/nexrad_scrapper_dag.py took 6.046 seconds
[2023-02-24T06:16:34.210+0000] {processor.py:153} INFO - Started process (PID=1416) to work on /opt/airflow/dags/nexrad_scrapper_dag.py
[2023-02-24T06:16:34.214+0000] {processor.py:743} INFO - Processing file /opt/airflow/dags/nexrad_scrapper_dag.py for tasks to queue
[2023-02-24T06:16:34.220+0000] {logging_mixin.py:137} INFO - [2023-02-24T06:16:34.219+0000] {dagbag.py:538} INFO - Filling up the DagBag from /opt/airflow/dags/nexrad_scrapper_dag.py
[2023-02-24T06:17:23.718+0000] {logging_mixin.py:137} INFO - [2023-02-24T06:17:23.694+0000] {timeout.py:68} ERROR - Process timed out, PID: 1416
[2023-02-24T06:17:23.726+0000] {logging_mixin.py:137} WARNING - Exception ignored in: <function WeakKeyDictionary.__init__.<locals>.remove at 0x7f92f8044d40>
[2023-02-24T06:17:23.728+0000] {logging_mixin.py:137} WARNING - Traceback (most recent call last):
[2023-02-24T06:17:23.730+0000] {logging_mixin.py:137} WARNING -   File "/usr/local/lib/python3.7/weakref.py", line 358, in remove
[2023-02-24T06:17:23.762+0000] {logging_mixin.py:137} WARNING -     def remove(k, selfref=ref(self)):
[2023-02-24T06:17:23.764+0000] {logging_mixin.py:137} WARNING -   File "/home/airflow/.local/lib/python3.7/site-packages/airflow/utils/timeout.py", line 69, in handle_timeout
[2023-02-24T06:17:23.767+0000] {logging_mixin.py:137} WARNING -     raise AirflowTaskTimeout(self.error_message)
[2023-02-24T06:17:23.770+0000] {logging_mixin.py:137} WARNING - airflow.exceptions.AirflowTaskTimeout: DagBag import timeout for /opt/airflow/dags/nexrad_scrapper_dag.py after 30.0s.
Please take a look at these docs to improve your DAG import time:
* https://airflow.apache.org/docs/apache-airflow/2.5.1/best-practices.html#top-level-python-code
* https://airflow.apache.org/docs/apache-airflow/2.5.1/best-practices.html#reducing-dag-complexity, PID: 1416
[2023-02-24T06:20:24.426+0000] {processor.py:153} INFO - Started process (PID=1437) to work on /opt/airflow/dags/nexrad_scrapper_dag.py
[2023-02-24T06:20:24.461+0000] {processor.py:743} INFO - Processing file /opt/airflow/dags/nexrad_scrapper_dag.py for tasks to queue
[2023-02-24T06:20:24.466+0000] {logging_mixin.py:137} INFO - [2023-02-24T06:20:24.465+0000] {dagbag.py:538} INFO - Filling up the DagBag from /opt/airflow/dags/nexrad_scrapper_dag.py
[2023-02-24T06:21:13.894+0000] {logging_mixin.py:137} INFO - [2023-02-24T06:21:13.839+0000] {timeout.py:68} ERROR - Process timed out, PID: 1437
[2023-02-24T06:21:14.160+0000] {logging_mixin.py:137} INFO - [2023-02-24T06:21:13.950+0000] {dagbag.py:343} ERROR - Failed to import: /opt/airflow/dags/nexrad_scrapper_dag.py
Traceback (most recent call last):
  File "/home/airflow/.local/lib/python3.7/site-packages/airflow/models/dagbag.py", line 339, in parse
    loader.exec_module(new_module)
  File "<frozen importlib._bootstrap_external>", line 728, in exec_module
  File "<frozen importlib._bootstrap>", line 219, in _call_with_frames_removed
  File "/opt/airflow/dags/nexrad_scrapper_dag.py", line 13, in <module>
    import pandas as pd
  File "/home/airflow/.local/lib/python3.7/site-packages/pandas/__init__.py", line 22, in <module>
    from pandas.compat import (
  File "/home/airflow/.local/lib/python3.7/site-packages/pandas/compat/__init__.py", line 15, in <module>
    from pandas.compat.numpy import (
  File "/home/airflow/.local/lib/python3.7/site-packages/pandas/compat/numpy/__init__.py", line 7, in <module>
    from pandas.util.version import Version
  File "/home/airflow/.local/lib/python3.7/site-packages/pandas/util/__init__.py", line 1, in <module>
    from pandas.util._decorators import (  # noqa
  File "/home/airflow/.local/lib/python3.7/site-packages/pandas/util/_decorators.py", line 14, in <module>
    from pandas._libs.properties import cache_readonly  # noqa
  File "/home/airflow/.local/lib/python3.7/site-packages/pandas/_libs/__init__.py", line 13, in <module>
    from pandas._libs.interval import Interval
  File "pandas/_libs/interval.pyx", line 1, in init pandas._libs.interval
  File "pandas/_libs/hashtable.pyx", line 1, in init pandas._libs.hashtable
  File "pandas/_libs/missing.pyx", line 1, in init pandas._libs.missing
  File "/home/airflow/.local/lib/python3.7/site-packages/pandas/_libs/tslibs/__init__.py", line 31, in <module>
    from pandas._libs.tslibs.conversion import (
  File "pandas/_libs/tslibs/conversion.pyx", line 1, in init pandas._libs.tslibs.conversion
  File "<frozen importlib._bootstrap>", line 416, in parent
  File "/home/airflow/.local/lib/python3.7/site-packages/airflow/utils/timeout.py", line 69, in handle_timeout
    raise AirflowTaskTimeout(self.error_message)
airflow.exceptions.AirflowTaskTimeout: DagBag import timeout for /opt/airflow/dags/nexrad_scrapper_dag.py after 30.0s.
Please take a look at these docs to improve your DAG import time:
* https://airflow.apache.org/docs/apache-airflow/2.5.1/best-practices.html#top-level-python-code
* https://airflow.apache.org/docs/apache-airflow/2.5.1/best-practices.html#reducing-dag-complexity, PID: 1437
[2023-02-24T06:21:14.178+0000] {processor.py:755} WARNING - No viable dags retrieved from /opt/airflow/dags/nexrad_scrapper_dag.py
[2023-02-24T06:21:14.556+0000] {processor.py:175} INFO - Processing /opt/airflow/dags/nexrad_scrapper_dag.py took 50.361 seconds
[2023-02-24T06:21:45.795+0000] {processor.py:153} INFO - Started process (PID=1464) to work on /opt/airflow/dags/nexrad_scrapper_dag.py
[2023-02-24T06:21:45.807+0000] {processor.py:743} INFO - Processing file /opt/airflow/dags/nexrad_scrapper_dag.py for tasks to queue
[2023-02-24T06:21:45.815+0000] {logging_mixin.py:137} INFO - [2023-02-24T06:21:45.814+0000] {dagbag.py:538} INFO - Filling up the DagBag from /opt/airflow/dags/nexrad_scrapper_dag.py
[2023-02-24T06:21:54.403+0000] {processor.py:753} INFO - DAG(s) dict_keys(['nex_Scrapper']) retrieved from /opt/airflow/dags/nexrad_scrapper_dag.py
[2023-02-24T06:21:54.843+0000] {logging_mixin.py:137} INFO - [2023-02-24T06:21:54.840+0000] {dag.py:2690} INFO - Sync 1 DAGs
[2023-02-24T06:21:54.976+0000] {logging_mixin.py:137} INFO - [2023-02-24T06:21:54.975+0000] {dag.py:3441} INFO - Setting next_dagrun for nex_Scrapper to 2023-02-24T00:00:00+00:00, run_after=2023-02-25T00:00:00+00:00
[2023-02-24T06:21:55.115+0000] {processor.py:175} INFO - Processing /opt/airflow/dags/nexrad_scrapper_dag.py took 9.346 seconds
[2023-02-24T06:22:26.025+0000] {processor.py:153} INFO - Started process (PID=1501) to work on /opt/airflow/dags/nexrad_scrapper_dag.py
[2023-02-24T06:22:26.059+0000] {processor.py:743} INFO - Processing file /opt/airflow/dags/nexrad_scrapper_dag.py for tasks to queue
[2023-02-24T06:22:26.077+0000] {logging_mixin.py:137} INFO - [2023-02-24T06:22:26.076+0000] {dagbag.py:538} INFO - Filling up the DagBag from /opt/airflow/dags/nexrad_scrapper_dag.py
[2023-02-24T06:22:35.357+0000] {processor.py:753} INFO - DAG(s) dict_keys(['nex_Scrapper']) retrieved from /opt/airflow/dags/nexrad_scrapper_dag.py
[2023-02-24T06:22:35.683+0000] {logging_mixin.py:137} INFO - [2023-02-24T06:22:35.681+0000] {dag.py:2690} INFO - Sync 1 DAGs
[2023-02-24T06:22:35.887+0000] {logging_mixin.py:137} INFO - [2023-02-24T06:22:35.887+0000] {dag.py:3441} INFO - Setting next_dagrun for nex_Scrapper to 2023-02-24T00:00:00+00:00, run_after=2023-02-25T00:00:00+00:00
[2023-02-24T06:22:36.038+0000] {processor.py:175} INFO - Processing /opt/airflow/dags/nexrad_scrapper_dag.py took 10.058 seconds
[2023-02-24T06:23:07.138+0000] {processor.py:153} INFO - Started process (PID=1537) to work on /opt/airflow/dags/nexrad_scrapper_dag.py
[2023-02-24T06:23:07.167+0000] {processor.py:743} INFO - Processing file /opt/airflow/dags/nexrad_scrapper_dag.py for tasks to queue
[2023-02-24T06:23:07.195+0000] {logging_mixin.py:137} INFO - [2023-02-24T06:23:07.190+0000] {dagbag.py:538} INFO - Filling up the DagBag from /opt/airflow/dags/nexrad_scrapper_dag.py
[2023-02-24T06:23:19.353+0000] {processor.py:753} INFO - DAG(s) dict_keys(['nex_Scrapper']) retrieved from /opt/airflow/dags/nexrad_scrapper_dag.py
[2023-02-24T06:23:20.141+0000] {logging_mixin.py:137} INFO - [2023-02-24T06:23:20.137+0000] {dag.py:2690} INFO - Sync 1 DAGs
[2023-02-24T06:23:20.500+0000] {logging_mixin.py:137} INFO - [2023-02-24T06:23:20.499+0000] {dag.py:3441} INFO - Setting next_dagrun for nex_Scrapper to 2023-02-24T00:00:00+00:00, run_after=2023-02-25T00:00:00+00:00
[2023-02-24T06:23:20.844+0000] {processor.py:175} INFO - Processing /opt/airflow/dags/nexrad_scrapper_dag.py took 13.739 seconds
[2023-02-24T06:23:51.440+0000] {processor.py:153} INFO - Started process (PID=1573) to work on /opt/airflow/dags/nexrad_scrapper_dag.py
[2023-02-24T06:23:51.444+0000] {processor.py:743} INFO - Processing file /opt/airflow/dags/nexrad_scrapper_dag.py for tasks to queue
[2023-02-24T06:23:51.448+0000] {logging_mixin.py:137} INFO - [2023-02-24T06:23:51.447+0000] {dagbag.py:538} INFO - Filling up the DagBag from /opt/airflow/dags/nexrad_scrapper_dag.py
[2023-02-24T06:24:01.436+0000] {processor.py:753} INFO - DAG(s) dict_keys(['nex_Scrapper']) retrieved from /opt/airflow/dags/nexrad_scrapper_dag.py
[2023-02-24T06:24:01.605+0000] {logging_mixin.py:137} INFO - [2023-02-24T06:24:01.604+0000] {dag.py:2690} INFO - Sync 1 DAGs
[2023-02-24T06:24:01.714+0000] {logging_mixin.py:137} INFO - [2023-02-24T06:24:01.713+0000] {dag.py:3441} INFO - Setting next_dagrun for nex_Scrapper to 2023-02-24T00:00:00+00:00, run_after=2023-02-25T00:00:00+00:00
[2023-02-24T06:24:01.789+0000] {processor.py:175} INFO - Processing /opt/airflow/dags/nexrad_scrapper_dag.py took 10.383 seconds
[2023-02-24T06:24:32.966+0000] {processor.py:153} INFO - Started process (PID=1609) to work on /opt/airflow/dags/nexrad_scrapper_dag.py
[2023-02-24T06:24:32.971+0000] {processor.py:743} INFO - Processing file /opt/airflow/dags/nexrad_scrapper_dag.py for tasks to queue
[2023-02-24T06:24:32.975+0000] {logging_mixin.py:137} INFO - [2023-02-24T06:24:32.975+0000] {dagbag.py:538} INFO - Filling up the DagBag from /opt/airflow/dags/nexrad_scrapper_dag.py
[2023-02-24T06:24:45.308+0000] {processor.py:753} INFO - DAG(s) dict_keys(['nex_Scrapper']) retrieved from /opt/airflow/dags/nexrad_scrapper_dag.py
[2023-02-24T06:24:45.953+0000] {logging_mixin.py:137} INFO - [2023-02-24T06:24:45.951+0000] {dag.py:2690} INFO - Sync 1 DAGs
[2023-02-24T06:24:46.163+0000] {logging_mixin.py:137} INFO - [2023-02-24T06:24:46.162+0000] {dag.py:3441} INFO - Setting next_dagrun for nex_Scrapper to 2023-02-24T00:00:00+00:00, run_after=2023-02-25T00:00:00+00:00
[2023-02-24T06:24:46.451+0000] {processor.py:175} INFO - Processing /opt/airflow/dags/nexrad_scrapper_dag.py took 13.506 seconds
[2023-02-24T06:25:17.099+0000] {processor.py:153} INFO - Started process (PID=1639) to work on /opt/airflow/dags/nexrad_scrapper_dag.py
[2023-02-24T06:25:17.116+0000] {processor.py:743} INFO - Processing file /opt/airflow/dags/nexrad_scrapper_dag.py for tasks to queue
[2023-02-24T06:25:17.137+0000] {logging_mixin.py:137} INFO - [2023-02-24T06:25:17.136+0000] {dagbag.py:538} INFO - Filling up the DagBag from /opt/airflow/dags/nexrad_scrapper_dag.py
[2023-02-24T06:25:53.601+0000] {logging_mixin.py:137} INFO - [2023-02-24T06:25:49.609+0000] {timeout.py:68} ERROR - Process timed out, PID: 1639
[2023-02-24T06:29:34.764+0000] {logging_mixin.py:137} INFO - [2023-02-24T06:26:09.754+0000] {dagbag.py:343} ERROR - Failed to import: /opt/airflow/dags/nexrad_scrapper_dag.py
Traceback (most recent call last):
  File "/home/airflow/.local/lib/python3.7/site-packages/airflow/models/dagbag.py", line 339, in parse
    loader.exec_module(new_module)
  File "<frozen importlib._bootstrap_external>", line 728, in exec_module
  File "<frozen importlib._bootstrap>", line 219, in _call_with_frames_removed
  File "/opt/airflow/dags/nexrad_scrapper_dag.py", line 25, in <module>
    aws_secret_access_key = os.environ.get('AWS_SECRET_KEY')
  File "/home/airflow/.local/lib/python3.7/site-packages/boto3/__init__.py", line 92, in client
    return _get_default_session().client(*args, **kwargs)
  File "/home/airflow/.local/lib/python3.7/site-packages/boto3/session.py", line 309, in client
    config=config,
  File "/home/airflow/.local/lib/python3.7/site-packages/botocore/session.py", line 953, in create_client
    endpoint_resolver = self._get_internal_component('endpoint_resolver')
  File "/home/airflow/.local/lib/python3.7/site-packages/botocore/session.py", line 812, in _get_internal_component
    return self._internal_components.get_component(name)
  File "/home/airflow/.local/lib/python3.7/site-packages/botocore/session.py", line 1108, in get_component
    self._components[name] = factory()
  File "/home/airflow/.local/lib/python3.7/site-packages/botocore/session.py", line 199, in create_default_resolver
    endpoints, path = loader.load_data_with_path('endpoints')
  File "/home/airflow/.local/lib/python3.7/site-packages/botocore/loaders.py", line 142, in _wrapper
    data = func(self, *args, **kwargs)
  File "/home/airflow/.local/lib/python3.7/site-packages/botocore/loaders.py", line 448, in load_data_with_path
    found = self.file_loader.load_file(possible_path)
  File "/home/airflow/.local/lib/python3.7/site-packages/botocore/loaders.py", line 194, in load_file
    data = self._load_file(file_path + ext, open_method)
  File "/home/airflow/.local/lib/python3.7/site-packages/botocore/loaders.py", line 181, in _load_file
    return json.loads(payload, object_pairs_hook=OrderedDict)
  File "/usr/local/lib/python3.7/json/__init__.py", line 361, in loads
    return cls(**kw).decode(s)
  File "/usr/local/lib/python3.7/json/decoder.py", line 337, in decode
    obj, end = self.raw_decode(s, idx=_w(s, 0).end())
  File "/usr/local/lib/python3.7/json/decoder.py", line 353, in raw_decode
    obj, end = self.scan_once(s, idx)
  File "/home/airflow/.local/lib/python3.7/site-packages/airflow/utils/timeout.py", line 69, in handle_timeout
    raise AirflowTaskTimeout(self.error_message)
airflow.exceptions.AirflowTaskTimeout: DagBag import timeout for /opt/airflow/dags/nexrad_scrapper_dag.py after 30.0s.
Please take a look at these docs to improve your DAG import time:
* https://airflow.apache.org/docs/apache-airflow/2.5.1/best-practices.html#top-level-python-code
* https://airflow.apache.org/docs/apache-airflow/2.5.1/best-practices.html#reducing-dag-complexity, PID: 1639
[2023-02-24T06:29:34.989+0000] {processor.py:755} WARNING - No viable dags retrieved from /opt/airflow/dags/nexrad_scrapper_dag.py
[2023-02-24T06:30:40.386+0000] {processor.py:153} INFO - Started process (PID=1667) to work on /opt/airflow/dags/nexrad_scrapper_dag.py
[2023-02-24T06:30:40.415+0000] {processor.py:743} INFO - Processing file /opt/airflow/dags/nexrad_scrapper_dag.py for tasks to queue
[2023-02-24T06:30:40.446+0000] {logging_mixin.py:137} INFO - [2023-02-24T06:30:40.446+0000] {dagbag.py:538} INFO - Filling up the DagBag from /opt/airflow/dags/nexrad_scrapper_dag.py
[2023-02-24T06:31:01.352+0000] {processor.py:753} INFO - DAG(s) dict_keys(['nex_Scrapper']) retrieved from /opt/airflow/dags/nexrad_scrapper_dag.py
[2023-02-24T06:31:01.827+0000] {logging_mixin.py:137} INFO - [2023-02-24T06:31:01.825+0000] {dag.py:2690} INFO - Sync 1 DAGs
[2023-02-24T06:31:02.012+0000] {logging_mixin.py:137} INFO - [2023-02-24T06:31:02.011+0000] {dag.py:3441} INFO - Setting next_dagrun for nex_Scrapper to 2023-02-24T00:00:00+00:00, run_after=2023-02-25T00:00:00+00:00
[2023-02-24T06:31:02.130+0000] {processor.py:175} INFO - Processing /opt/airflow/dags/nexrad_scrapper_dag.py took 22.026 seconds
[2023-02-24T06:31:32.745+0000] {processor.py:153} INFO - Started process (PID=1711) to work on /opt/airflow/dags/nexrad_scrapper_dag.py
[2023-02-24T06:31:32.758+0000] {processor.py:743} INFO - Processing file /opt/airflow/dags/nexrad_scrapper_dag.py for tasks to queue
[2023-02-24T06:31:32.786+0000] {logging_mixin.py:137} INFO - [2023-02-24T06:31:32.785+0000] {dagbag.py:538} INFO - Filling up the DagBag from /opt/airflow/dags/nexrad_scrapper_dag.py
[2023-02-24T06:31:38.174+0000] {processor.py:753} INFO - DAG(s) dict_keys(['nex_Scrapper']) retrieved from /opt/airflow/dags/nexrad_scrapper_dag.py
[2023-02-24T06:31:38.349+0000] {logging_mixin.py:137} INFO - [2023-02-24T06:31:38.347+0000] {dag.py:2690} INFO - Sync 1 DAGs
[2023-02-24T06:31:38.724+0000] {logging_mixin.py:137} INFO - [2023-02-24T06:31:38.723+0000] {dag.py:3441} INFO - Setting next_dagrun for nex_Scrapper to 2023-02-24T00:00:00+00:00, run_after=2023-02-25T00:00:00+00:00
[2023-02-24T06:31:39.137+0000] {processor.py:175} INFO - Processing /opt/airflow/dags/nexrad_scrapper_dag.py took 6.427 seconds
[2023-02-24T06:32:09.693+0000] {processor.py:153} INFO - Started process (PID=1745) to work on /opt/airflow/dags/nexrad_scrapper_dag.py
[2023-02-24T06:32:09.699+0000] {processor.py:743} INFO - Processing file /opt/airflow/dags/nexrad_scrapper_dag.py for tasks to queue
[2023-02-24T06:32:09.702+0000] {logging_mixin.py:137} INFO - [2023-02-24T06:32:09.702+0000] {dagbag.py:538} INFO - Filling up the DagBag from /opt/airflow/dags/nexrad_scrapper_dag.py
[2023-02-24T06:32:14.815+0000] {processor.py:753} INFO - DAG(s) dict_keys(['nex_Scrapper']) retrieved from /opt/airflow/dags/nexrad_scrapper_dag.py
[2023-02-24T06:32:14.961+0000] {logging_mixin.py:137} INFO - [2023-02-24T06:32:14.959+0000] {dag.py:2690} INFO - Sync 1 DAGs
[2023-02-24T06:32:15.157+0000] {logging_mixin.py:137} INFO - [2023-02-24T06:32:15.156+0000] {dag.py:3441} INFO - Setting next_dagrun for nex_Scrapper to 2023-02-24T00:00:00+00:00, run_after=2023-02-25T00:00:00+00:00
[2023-02-24T06:32:15.289+0000] {processor.py:175} INFO - Processing /opt/airflow/dags/nexrad_scrapper_dag.py took 5.636 seconds
[2023-02-24T06:32:46.015+0000] {processor.py:153} INFO - Started process (PID=1774) to work on /opt/airflow/dags/nexrad_scrapper_dag.py
[2023-02-24T06:32:46.019+0000] {processor.py:743} INFO - Processing file /opt/airflow/dags/nexrad_scrapper_dag.py for tasks to queue
[2023-02-24T06:32:46.025+0000] {logging_mixin.py:137} INFO - [2023-02-24T06:32:46.024+0000] {dagbag.py:538} INFO - Filling up the DagBag from /opt/airflow/dags/nexrad_scrapper_dag.py
[2023-02-24T06:32:50.242+0000] {processor.py:753} INFO - DAG(s) dict_keys(['nex_Scrapper']) retrieved from /opt/airflow/dags/nexrad_scrapper_dag.py
[2023-02-24T06:32:50.337+0000] {logging_mixin.py:137} INFO - [2023-02-24T06:32:50.336+0000] {dag.py:2690} INFO - Sync 1 DAGs
[2023-02-24T06:32:50.465+0000] {logging_mixin.py:137} INFO - [2023-02-24T06:32:50.465+0000] {dag.py:3441} INFO - Setting next_dagrun for nex_Scrapper to 2023-02-24T00:00:00+00:00, run_after=2023-02-25T00:00:00+00:00
[2023-02-24T06:32:50.580+0000] {processor.py:175} INFO - Processing /opt/airflow/dags/nexrad_scrapper_dag.py took 4.586 seconds
[2023-02-24T06:33:21.455+0000] {processor.py:153} INFO - Started process (PID=1810) to work on /opt/airflow/dags/nexrad_scrapper_dag.py
[2023-02-24T06:33:21.463+0000] {processor.py:743} INFO - Processing file /opt/airflow/dags/nexrad_scrapper_dag.py for tasks to queue
[2023-02-24T06:33:21.473+0000] {logging_mixin.py:137} INFO - [2023-02-24T06:33:21.472+0000] {dagbag.py:538} INFO - Filling up the DagBag from /opt/airflow/dags/nexrad_scrapper_dag.py
[2023-02-24T06:33:25.190+0000] {processor.py:753} INFO - DAG(s) dict_keys(['nex_Scrapper']) retrieved from /opt/airflow/dags/nexrad_scrapper_dag.py
[2023-02-24T06:33:25.266+0000] {logging_mixin.py:137} INFO - [2023-02-24T06:33:25.265+0000] {dag.py:2690} INFO - Sync 1 DAGs
[2023-02-24T06:33:25.338+0000] {logging_mixin.py:137} INFO - [2023-02-24T06:33:25.338+0000] {dag.py:3441} INFO - Setting next_dagrun for nex_Scrapper to 2023-02-24T00:00:00+00:00, run_after=2023-02-25T00:00:00+00:00
[2023-02-24T06:33:25.404+0000] {processor.py:175} INFO - Processing /opt/airflow/dags/nexrad_scrapper_dag.py took 3.977 seconds
[2023-02-24T06:33:56.218+0000] {processor.py:153} INFO - Started process (PID=1846) to work on /opt/airflow/dags/nexrad_scrapper_dag.py
[2023-02-24T06:33:56.221+0000] {processor.py:743} INFO - Processing file /opt/airflow/dags/nexrad_scrapper_dag.py for tasks to queue
[2023-02-24T06:33:56.225+0000] {logging_mixin.py:137} INFO - [2023-02-24T06:33:56.224+0000] {dagbag.py:538} INFO - Filling up the DagBag from /opt/airflow/dags/nexrad_scrapper_dag.py
[2023-02-24T06:41:09.808+0000] {logging_mixin.py:137} INFO - [2023-02-24T06:34:30.682+0000] {timeout.py:68} ERROR - Process timed out, PID: 1846
[2023-02-24T06:41:20.154+0000] {logging_mixin.py:137} INFO - [2023-02-24T06:41:11.125+0000] {dagbag.py:343} ERROR - Failed to import: /opt/airflow/dags/nexrad_scrapper_dag.py
Traceback (most recent call last):
  File "/home/airflow/.local/lib/python3.7/site-packages/airflow/models/dagbag.py", line 339, in parse
    loader.exec_module(new_module)
  File "<frozen importlib._bootstrap_external>", line 728, in exec_module
  File "<frozen importlib._bootstrap>", line 219, in _call_with_frames_removed
  File "/opt/airflow/dags/nexrad_scrapper_dag.py", line 25, in <module>
    aws_secret_access_key = os.environ.get('AWS_SECRET_KEY')
  File "/home/airflow/.local/lib/python3.7/site-packages/boto3/__init__.py", line 92, in client
    return _get_default_session().client(*args, **kwargs)
  File "/home/airflow/.local/lib/python3.7/site-packages/boto3/session.py", line 309, in client
    config=config,
  File "/home/airflow/.local/lib/python3.7/site-packages/botocore/session.py", line 953, in create_client
    endpoint_resolver = self._get_internal_component('endpoint_resolver')
  File "/home/airflow/.local/lib/python3.7/site-packages/botocore/session.py", line 812, in _get_internal_component
    return self._internal_components.get_component(name)
  File "/home/airflow/.local/lib/python3.7/site-packages/botocore/session.py", line 1108, in get_component
    self._components[name] = factory()
  File "/home/airflow/.local/lib/python3.7/site-packages/botocore/session.py", line 199, in create_default_resolver
    endpoints, path = loader.load_data_with_path('endpoints')
  File "/home/airflow/.local/lib/python3.7/site-packages/botocore/loaders.py", line 142, in _wrapper
    data = func(self, *args, **kwargs)
  File "/home/airflow/.local/lib/python3.7/site-packages/botocore/loaders.py", line 448, in load_data_with_path
    found = self.file_loader.load_file(possible_path)
  File "/home/airflow/.local/lib/python3.7/site-packages/botocore/loaders.py", line 194, in load_file
    data = self._load_file(file_path + ext, open_method)
  File "/home/airflow/.local/lib/python3.7/site-packages/botocore/loaders.py", line 181, in _load_file
    return json.loads(payload, object_pairs_hook=OrderedDict)
  File "/usr/local/lib/python3.7/json/__init__.py", line 361, in loads
    return cls(**kw).decode(s)
  File "/usr/local/lib/python3.7/json/decoder.py", line 337, in decode
    obj, end = self.raw_decode(s, idx=_w(s, 0).end())
  File "/usr/local/lib/python3.7/json/decoder.py", line 353, in raw_decode
    obj, end = self.scan_once(s, idx)
  File "/home/airflow/.local/lib/python3.7/site-packages/airflow/utils/timeout.py", line 69, in handle_timeout
    raise AirflowTaskTimeout(self.error_message)
airflow.exceptions.AirflowTaskTimeout: DagBag import timeout for /opt/airflow/dags/nexrad_scrapper_dag.py after 30.0s.
Please take a look at these docs to improve your DAG import time:
* https://airflow.apache.org/docs/apache-airflow/2.5.1/best-practices.html#top-level-python-code
* https://airflow.apache.org/docs/apache-airflow/2.5.1/best-practices.html#reducing-dag-complexity, PID: 1846
[2023-02-24T06:41:20.684+0000] {processor.py:755} WARNING - No viable dags retrieved from /opt/airflow/dags/nexrad_scrapper_dag.py
